<?xml version="1.0" encoding="UTF-8"?>
<testng-results skipped="0" failed="0" ignored="0" total="1" passed="1">
  <reporter-output>
  </reporter-output>
  <suite name="Default suite" duration-ms="94817" started-at="2019-07-04T11:46:13Z" finished-at="2019-07-04T11:47:48Z">
    <groups>
    </groups>
    <test name="Default test" duration-ms="94817" started-at="2019-07-04T11:46:13Z" finished-at="2019-07-04T11:47:48Z">
      <class name="com.training.sanity.tests.RETC40_Medium2">
        <test-method status="PASS" signature="setUpBeforeClass()[pri:0, instance:com.training.sanity.tests.RETC40_Medium2@3bfdc050]" name="setUpBeforeClass" is-config="true" duration-ms="25" started-at="2019-07-04T11:46:13Z" finished-at="2019-07-04T11:46:13Z">
          <reporter-output>
          </reporter-output>
        </test-method> <!-- setUpBeforeClass -->
        <test-method status="PASS" signature="setUp()[pri:0, instance:com.training.sanity.tests.RETC40_Medium2@3bfdc050]" name="setUp" is-config="true" duration-ms="60430" started-at="2019-07-04T11:46:13Z" finished-at="2019-07-04T11:47:14Z">
          <reporter-output>
          </reporter-output>
        </test-method> <!-- setUp -->
        <test-method status="PASS" signature="validLoginTest()[pri:0, instance:com.training.sanity.tests.RETC40_Medium2@3bfdc050]" name="validLoginTest" duration-ms="32445" started-at="2019-07-04T11:47:14Z" finished-at="2019-07-04T11:47:46Z">
          <reporter-output>
          </reporter-output>
        </test-method> <!-- validLoginTest -->
        <test-method status="PASS" signature="tearDown()[pri:0, instance:com.training.sanity.tests.RETC40_Medium2@3bfdc050]" name="tearDown" is-config="true" duration-ms="1882" started-at="2019-07-04T11:47:46Z" finished-at="2019-07-04T11:47:48Z">
          <reporter-output>
          </reporter-output>
        </test-method> <!-- tearDown -->
      </class> <!-- com.training.sanity.tests.RETC40_Medium2 -->
    </test> <!-- Default test -->
  </suite> <!-- Default suite -->
</testng-results>
